<?xml version="1.0" encoding="UTF-8"?>
<!-- Generated by org.testng.reporters.JUnitReportReporter -->
<testsuite skipped="0" hostname="LAPTOP-KEERTHI" name="Test.login_Test_DemoTestNG" tests="2" failures="0" timestamp="2020-07-08T19:37:23 IST" time="10.066" errors="0">
  <testcase name="loginTest1" time="4.144" classname="Test.login_Test_DemoTestNG"/>
  <system-out/>
  <testcase name="loginTest2" time="5.922" classname="Test.login_Test_DemoTestNG"/>
  <system-out/>
</testsuite> <!-- Test.login_Test_DemoTestNG -->
